<?xml version="1.0" encoding="UTF-8"?>
<!-- Generated by org.testng.reporters.JUnitXMLReporter -->
<testsuite ignored="0" hostname="DESKTOP-98E3OTK" failures="0" tests="5" name="Test2" time="121.378" errors="0" timestamp="30 May 2019 08:49:03 GMT">
  <testcase classname="cucumber.api.testng.AbstractTestNGCucumberTests" name="feature" time="46.308"/>
  <testcase classname="cucumber.api.testng.AbstractTestNGCucumberTests" name="feature" time="25.353"/>
  <testcase classname="cucumber.api.testng.AbstractTestNGCucumberTests" name="feature" time="14.69"/>
  <testcase classname="cucumber.api.testng.AbstractTestNGCucumberTests" name="feature" time="17.906"/>
  <testcase classname="cucumber.api.testng.AbstractTestNGCucumberTests" name="feature" time="16.687"/>
</testsuite> <!-- Test2 -->
