<?xml version="1.0" encoding="UTF-8"?>
<!-- Generated by org.testng.reporters.JUnitXMLReporter -->
<testsuite ignored="0" hostname="DESKTOP-98E3OTK" failures="0" tests="5" name="Test1" time="183.067" errors="0" timestamp="30 May 2019 20:37:46 GMT">
  <testcase classname="cucumber.api.testng.AbstractTestNGCucumberTests" name="feature" time="33.674"/>
  <testcase classname="cucumber.api.testng.AbstractTestNGCucumberTests" name="feature" time="40.806"/>
  <testcase classname="cucumber.api.testng.AbstractTestNGCucumberTests" name="feature" time="43.349"/>
  <testcase classname="cucumber.api.testng.AbstractTestNGCucumberTests" name="feature" time="31.72"/>
  <testcase classname="cucumber.api.testng.AbstractTestNGCucumberTests" name="feature" time="32.48"/>
</testsuite> <!-- Test1 -->
