<?xml version="1.0" encoding="UTF-8"?>
<testng-results ignored="0" total="5" passed="5" failed="0" skipped="0">
  <reporter-output>
  </reporter-output>
  <suite started-at="2019-05-30T20:34:43Z" name="Suite" finished-at="2019-05-30T20:37:46Z" duration-ms="183067">
    <groups>
      <group name="cucumber">
        <method signature="AbstractTestNGCucumberTests.feature(cucumber.api.testng.CucumberFeatureWrapper)[pri:0, instance:runner.TestRunner1@483f6d77]" name="feature" class="cucumber.api.testng.AbstractTestNGCucumberTests"/>
      </group> <!-- cucumber -->
    </groups>
    <test started-at="2019-05-30T20:34:43Z" name="Test1" finished-at="2019-05-30T20:37:46Z" duration-ms="183067">
      <class name="runner.TestRunner1">
        <test-method is-config="true" signature="setUpClass()[pri:0, instance:runner.TestRunner1@483f6d77]" started-at="2019-05-30T20:34:43Z" name="setUpClass" finished-at="2019-05-30T20:34:43Z" duration-ms="464" status="PASS">
          <reporter-output>
          </reporter-output>
        </test-method> <!-- setUpClass -->
        <test-method signature="feature(cucumber.api.testng.CucumberFeatureWrapper)[pri:0, instance:runner.TestRunner1@483f6d77]" started-at="2019-05-30T20:34:43Z" name="feature" description="Runs Cucumber Feature" data-provider="features" finished-at="2019-05-30T20:35:17Z" duration-ms="33674" status="PASS">
          <params>
            <param index="0">
              <value>
                <![CDATA[radio buttons automation]]>
              </value>
            </param>
          </params>
          <reporter-output>
          </reporter-output>
        </test-method> <!-- feature -->
        <test-method signature="feature(cucumber.api.testng.CucumberFeatureWrapper)[pri:0, instance:runner.TestRunner1@483f6d77]" started-at="2019-05-30T20:35:17Z" name="feature" description="Runs Cucumber Feature" data-provider="features" finished-at="2019-05-30T20:35:58Z" duration-ms="40806" status="PASS">
          <params>
            <param index="0">
              <value>
                <![CDATA[DropDown List]]>
              </value>
            </param>
          </params>
          <reporter-output>
          </reporter-output>
        </test-method> <!-- feature -->
        <test-method signature="feature(cucumber.api.testng.CucumberFeatureWrapper)[pri:0, instance:runner.TestRunner1@483f6d77]" started-at="2019-05-30T20:35:58Z" name="feature" description="Runs Cucumber Feature" data-provider="features" finished-at="2019-05-30T20:36:41Z" duration-ms="43349" status="PASS">
          <params>
            <param index="0">
              <value>
                <![CDATA[input form demo automation]]>
              </value>
            </param>
          </params>
          <reporter-output>
          </reporter-output>
        </test-method> <!-- feature -->
        <test-method signature="feature(cucumber.api.testng.CucumberFeatureWrapper)[pri:0, instance:runner.TestRunner1@483f6d77]" started-at="2019-05-30T20:36:41Z" name="feature" description="Runs Cucumber Feature" data-provider="features" finished-at="2019-05-30T20:37:13Z" duration-ms="31720" status="PASS">
          <params>
            <param index="0">
              <value>
                <![CDATA[radio buttons automation]]>
              </value>
            </param>
          </params>
          <reporter-output>
          </reporter-output>
        </test-method> <!-- feature -->
        <test-method signature="feature(cucumber.api.testng.CucumberFeatureWrapper)[pri:0, instance:runner.TestRunner1@483f6d77]" started-at="2019-05-30T20:37:13Z" name="feature" description="Runs Cucumber Feature" data-provider="features" finished-at="2019-05-30T20:37:45Z" duration-ms="32480" status="PASS">
          <params>
            <param index="0">
              <value>
                <![CDATA[input form demo automation]]>
              </value>
            </param>
          </params>
          <reporter-output>
          </reporter-output>
        </test-method> <!-- feature -->
        <test-method is-config="true" signature="tearDownClass()[pri:0, instance:runner.TestRunner1@483f6d77]" started-at="2019-05-30T20:37:45Z" name="tearDownClass" finished-at="2019-05-30T20:37:46Z" duration-ms="278" status="PASS">
          <reporter-output>
          </reporter-output>
        </test-method> <!-- tearDownClass -->
      </class> <!-- runner.TestRunner1 -->
    </test> <!-- Test1 -->
  </suite> <!-- Suite -->
</testng-results>
